<?xml version="1.0" encoding="UTF-8"?>
<!-- Generated by org.testng.reporters.JUnitXMLReporter -->
<testsuite ignored="0" hostname="LAPTOP-NMTPTJ3T" failures="0" tests="4" name="Test" time="39.839" errors="0" timestamp="2023-05-06T22:21:41 IST">
  <testcase classname="tests.TwoTest" name="testTwo" time="0.007"/>
  <testcase classname="tests.ThreeTest" name="testThree" time="0.0"/>
  <testcase classname="tests.LoginTest" name="login" time="6.016"/>
  <testcase classname="tests.LoginTest" name="login" time="15.537"/>
</testsuite> <!-- Test -->
